<?xml version="1.0" encoding="UTF-8"?>
<!-- Generated by org.testng.reporters.JUnitReportReporter -->
<testsuite hostname="DESKTOP-3E6GF7D" failures="0" tests="2" name="Automation_withTestNG.Dataprovider" time="4.393" errors="0" timestamp="2022-01-04T12:03:18 EST" skipped="0">
  <testcase classname="Automation_withTestNG.Dataprovider" name="f" time="2.483"/>
  <system-out/>
  <testcase classname="Automation_withTestNG.Dataprovider" name="f" time="1.910"/>
  <system-out/>
</testsuite> <!-- Automation_withTestNG.Dataprovider -->
